<?xml version="1.0" encoding="UTF-8"?>
<!-- Generated by org.testng.reporters.JUnitReportReporter -->
<testsuite skipped="0" hostname="Souradips-MacBook-Air.local" name="Assignment.EcommWebsiteTesting.AssignmentTest2" tests="1" failures="0" timestamp="03 Mar 2020 10:21:54 GMT" time="19.050" errors="0">
  <testcase name="giveRatings" time="19.050" classname="Assignment.EcommWebsiteTesting.AssignmentTest2"/>
</testsuite> <!-- Assignment.EcommWebsiteTesting.AssignmentTest2 -->
